<?xml version="1.0" encoding="UTF-8"?>
<testsuite name="com.school.api.voting.VotingApplicationTests" tests="1" skipped="0" failures="0" errors="0" timestamp="2024-01-10T06:12:22" hostname="Snijeeshs-MBP.home" time="0.831">
  <properties/>
  <testcase name="contextLoads()" classname="com.school.api.voting.VotingApplicationTests" time="0.831"/>
  <system-out><![CDATA[22:12:21.065 [Test worker] INFO org.springframework.test.context.support.AnnotationConfigContextLoaderUtils -- Could not detect default configuration classes for test class [com.school.api.voting.VotingApplicationTests]: VotingApplicationTests does not declare any static, non-private, non-final, nested classes annotated with @Configuration.
22:12:21.168 [Test worker] INFO org.springframework.boot.test.context.SpringBootTestContextBootstrapper -- Found @SpringBootConfiguration com.school.api.voting.VotingApplication for test class com.school.api.voting.VotingApplicationTests

  .   ____          _            __ _ _
 /\\ / ___'_ __ _ _(_)_ __  __ _ \ \ \ \
( ( )\___ | '_ | '_| | '_ \/ _` | \ \ \ \
 \\/  ___)| |_)| | | | | || (_| |  ) ) ) )
  '  |____| .__|_| |_|_| |_\__, | / / / /
 =========|_|==============|___/=/_/_/_/
 :: Spring Boot ::                (v3.2.1)

2024-01-09T22:12:21.495-08:00  INFO 2031 --- [    Test worker] c.s.api.voting.VotingApplicationTests    : Starting VotingApplicationTests using Java 17.0.9 with PID 2031 (started by snijeesh in /Users/snijeesh/Documents/snijeesh/dev/workspace/school/school-vote-api)
2024-01-09T22:12:21.497-08:00  INFO 2031 --- [    Test worker] c.s.api.voting.VotingApplicationTests    : No active profile set, falling back to 1 default profile: "default"
2024-01-09T22:12:22.689-08:00  INFO 2031 --- [    Test worker] c.s.api.voting.VotingApplicationTests    : Started VotingApplicationTests in 1.394 seconds (process running for 2.727)
]]></system-out>
  <system-err><![CDATA[]]></system-err>
</testsuite>
